lo0: flags=8049<UP,LOOPBACK,RUNNING,MULTICAST> mtu 16384
	options=1203<RXCSUM,TXCSUM,TXSTATUS,SW_TIMESTAMP>
	inet 127.0.0.1 netmask 0xff000000 
	inet6 ::1 prefixlen 128 
	inet6 fe80::1%lo0 prefixlen 64 scopeid 0x1 
	nd6 options=201<PERFORMNUD,DAD>
gif0: flags=8010<POINTOPOINT,MULTICAST> mtu 1280
stf0: flags=0<> mtu 1280
anpi0: flags=8863<UP,BROADCAST,SMART,RUNNING,SIMPLEX,MULTICAST> mtu 1500
	options=400<CHANNEL_IO>
	ether aa:6a:e5:54:e8:09 
	inet6 fe80::a86a:e5ff:fe54:e809%anpi0 prefixlen 64 scopeid 0x4 
	nd6 options=201<PERFORMNUD,DAD>
	media: none
	status: inactive
anpi1: flags=8863<UP,BROADCAST,SMART,RUNNING,SIMPLEX,MULTICAST> mtu 1500
	options=400<CHANNEL_IO>
	ether aa:6a:e5:54:e8:0a 
	inet6 fe80::a86a:e5ff:fe54:e80a%anpi1 prefixlen 64 scopeid 0x5 
	nd6 options=201<PERFORMNUD,DAD>
	media: none
	status: inactive
anpi2: flags=8863<UP,BROADCAST,SMART,RUNNING,SIMPLEX,MULTICAST> mtu 1500
	options=400<CHANNEL_IO>
	ether aa:6a:e5:54:e8:0b 
	inet6 fe80::a86a:e5ff:fe54:e80b%anpi2 prefixlen 64 scopeid 0x6 
	nd6 options=201<PERFORMNUD,DAD>
	media: none
	status: inactive
en4: flags=8863<UP,BROADCAST,SMART,RUNNING,SIMPLEX,MULTICAST> mtu 1500
	options=400<CHANNEL_IO>
	ether aa:6a:e5:54:e8:e9 
	nd6 options=201<PERFORMNUD,DAD>
	media: none
	status: inactive
en5: flags=8863<UP,BROADCAST,SMART,RUNNING,SIMPLEX,MULTICAST> mtu 1500
	options=400<CHANNEL_IO>
	ether aa:6a:e5:54:e8:ea 
	nd6 options=201<PERFORMNUD,DAD>
	media: none
	status: inactive
en6: flags=8863<UP,BROADCAST,SMART,RUNNING,SIMPLEX,MULTICAST> mtu 1500
	options=400<CHANNEL_IO>
	ether aa:6a:e5:54:e8:eb 
	nd6 options=201<PERFORMNUD,DAD>
	media: none
	status: inactive
en1: flags=8963<UP,BROADCAST,SMART,RUNNING,PROMISC,SIMPLEX,MULTICAST> mtu 1500
	options=460<TSO4,TSO6,CHANNEL_IO>
	ether 36:f1:21:2c:99:00 
	media: autoselect <full-duplex>
	status: inactive
en2: flags=8963<UP,BROADCAST,SMART,RUNNING,PROMISC,SIMPLEX,MULTICAST> mtu 1500
	options=460<TSO4,TSO6,CHANNEL_IO>
	ether 36:f1:21:2c:99:04 
	media: autoselect <full-duplex>
	status: inactive
en3: flags=8963<UP,BROADCAST,SMART,RUNNING,PROMISC,SIMPLEX,MULTICAST> mtu 1500
	options=460<TSO4,TSO6,CHANNEL_IO>
	ether 36:f1:21:2c:99:08 
	media: autoselect <full-duplex>
	status: inactive
ap1: flags=8802<BROADCAST,SIMPLEX,MULTICAST> mtu 1500
	options=400<CHANNEL_IO>
	ether aa:4d:7c:a6:37:3a 
	media: autoselect
	status: inactive
en0: flags=8863<UP,BROADCAST,SMART,RUNNING,SIMPLEX,MULTICAST> mtu 1500
	options=6463<RXCSUM,TXCSUM,TSO4,TSO6,CHANNEL_IO,PARTIAL_CSUM,ZEROINVERT_CSUM>
	ether 88:4d:7c:a6:37:3a 
	inet6 fe80::1c13:25ae:7a2f:bd70%en0 prefixlen 64 secured scopeid 0xe 
	inet6 2405:4803:feb0:c860:14c1:6fbb:b1bb:ab49 prefixlen 64 autoconf secured 
	inet6 2405:4803:feb0:c860:c5bd:90e4:449d:cd2 prefixlen 64 autoconf temporary 
	inet 192.168.1.66 netmask 0xffffff00 broadcast 192.168.1.255
	inet6 2405:4803:feb0:c860:ffff:ffff:ffff:ffb8 prefixlen 64 dynamic 
	nd6 options=201<PERFORMNUD,DAD>
	media: autoselect
	status: active
bridge0: flags=8863<UP,BROADCAST,SMART,RUNNING,SIMPLEX,MULTICAST> mtu 1500
	options=63<RXCSUM,TXCSUM,TSO4,TSO6>
	ether 36:f1:21:2c:99:00 
	Configuration:
		id 0:0:0:0:0:0 priority 0 hellotime 0 fwddelay 0
		maxage 0 holdcnt 0 proto stp maxaddr 100 timeout 1200
		root id 0:0:0:0:0:0 priority 0 ifcost 0 port 0
		ipfilter disabled flags 0x0
	member: en1 flags=3<LEARNING,DISCOVER>
	        ifmaxaddr 0 port 10 priority 0 path cost 0
	member: en2 flags=3<LEARNING,DISCOVER>
	        ifmaxaddr 0 port 11 priority 0 path cost 0
	member: en3 flags=3<LEARNING,DISCOVER>
	        ifmaxaddr 0 port 12 priority 0 path cost 0
	nd6 options=201<PERFORMNUD,DAD>
	media: <unknown type>
	status: inactive
awdl0: flags=8943<UP,BROADCAST,RUNNING,PROMISC,SIMPLEX,MULTICAST> mtu 1500
	options=400<CHANNEL_IO>
	ether 36:d9:84:ab:ea:d4 
	inet6 fe80::34d9:84ff:feab:ead4%awdl0 prefixlen 64 scopeid 0x10 
	nd6 options=201<PERFORMNUD,DAD>
	media: autoselect
	status: active
llw0: flags=8863<UP,BROADCAST,SMART,RUNNING,SIMPLEX,MULTICAST> mtu 1500
	options=400<CHANNEL_IO>
	ether 36:d9:84:ab:ea:d4 
	inet6 fe80::34d9:84ff:feab:ead4%llw0 prefixlen 64 scopeid 0x11 
	nd6 options=201<PERFORMNUD,DAD>
	media: autoselect
	status: active
utun0: flags=8051<UP,POINTOPOINT,RUNNING,MULTICAST> mtu 1380
	inet6 fe80::21ad:9ca2:c5ba:36aa%utun0 prefixlen 64 scopeid 0x12 
	nd6 options=201<PERFORMNUD,DAD>
utun1: flags=8051<UP,POINTOPOINT,RUNNING,MULTICAST> mtu 2000
	inet6 fe80::f1be:4997:784c:fbf8%utun1 prefixlen 64 scopeid 0x13 
	nd6 options=201<PERFORMNUD,DAD>
utun2: flags=8051<UP,POINTOPOINT,RUNNING,MULTICAST> mtu 1000
	inet6 fe80::ce81:b1c:bd2c:69e%utun2 prefixlen 64 scopeid 0x14 
	nd6 options=201<PERFORMNUD,DAD>
